[2026-02-10 06:54:28Z INFO HostContext] No proxy settings were found based on environmental variables (http_proxy/https_proxy/HTTP_PROXY/HTTPS_PROXY)
[2026-02-10 06:54:28Z INFO HostContext] Well known directory 'Bin': 'C:\Users\a7577\Desktop\robot_frame_work\actions-runner\bin'
[2026-02-10 06:54:28Z INFO HostContext] Well known directory 'Root': 'C:\Users\a7577\Desktop\robot_frame_work\actions-runner'
[2026-02-10 06:54:28Z INFO HostContext] Well known config file 'Credentials': 'C:\Users\a7577\Desktop\robot_frame_work\actions-runner\.credentials'
[2026-02-10 06:54:28Z INFO HostContext] Well known directory 'Bin': 'C:\Users\a7577\Desktop\robot_frame_work\actions-runner\bin'
[2026-02-10 06:54:28Z INFO HostContext] Well known directory 'Root': 'C:\Users\a7577\Desktop\robot_frame_work\actions-runner'
[2026-02-10 06:54:28Z INFO HostContext] Well known config file 'Runner': 'C:\Users\a7577\Desktop\robot_frame_work\actions-runner\.runner'
[2026-02-10 06:54:28Z INFO Listener] Runner is built for Windows (X64) - win-x64.
[2026-02-10 06:54:28Z INFO Listener] RuntimeInformation: Microsoft Windows 10.0.26100.
[2026-02-10 06:54:28Z INFO Listener] Version: 2.331.0
[2026-02-10 06:54:28Z INFO Listener] Commit: 39f6c643d3032f8795fa71f1482731ca90c8e038
[2026-02-10 06:54:28Z INFO Listener] Culture: en-IN
[2026-02-10 06:54:28Z INFO Listener] UI Culture: en-US
[2026-02-10 06:54:28Z INFO HostContext] Well known directory 'Bin': 'C:\Users\a7577\Desktop\robot_frame_work\actions-runner\bin'
[2026-02-10 06:54:28Z INFO HostContext] Well known directory 'Root': 'C:\Users\a7577\Desktop\robot_frame_work\actions-runner'
[2026-02-10 06:54:28Z INFO Listener] Validating directory permissions for: 'C:\Users\a7577\Desktop\robot_frame_work\actions-runner'
[2026-02-10 06:54:28Z INFO CommandLineParser] Parse
[2026-02-10 06:54:28Z INFO CommandLineParser] Parsing 1 args
[2026-02-10 06:54:28Z INFO CommandLineParser] parsing argument
[2026-02-10 06:54:28Z INFO CommandLineParser] HasArgs: False
[2026-02-10 06:54:28Z INFO CommandLineParser] Adding Command: run
[2026-02-10 06:54:28Z INFO Listener] Arguments parsed
[2026-02-10 06:54:28Z INFO Runner] ExecuteCommand
[2026-02-10 06:54:28Z INFO ConfigurationStore] currentAssemblyLocation: C:\Users\a7577\Desktop\robot_frame_work\actions-runner\bin\Runner.Listener.dll
[2026-02-10 06:54:28Z INFO HostContext] Well known directory 'Bin': 'C:\Users\a7577\Desktop\robot_frame_work\actions-runner\bin'
[2026-02-10 06:54:28Z INFO ConfigurationStore] binPath: C:\Users\a7577\Desktop\robot_frame_work\actions-runner\bin
[2026-02-10 06:54:28Z INFO HostContext] Well known directory 'Bin': 'C:\Users\a7577\Desktop\robot_frame_work\actions-runner\bin'
[2026-02-10 06:54:28Z INFO HostContext] Well known directory 'Root': 'C:\Users\a7577\Desktop\robot_frame_work\actions-runner'
[2026-02-10 06:54:28Z INFO ConfigurationStore] RootFolder: C:\Users\a7577\Desktop\robot_frame_work\actions-runner
[2026-02-10 06:54:28Z INFO HostContext] Well known directory 'Bin': 'C:\Users\a7577\Desktop\robot_frame_work\actions-runner\bin'
[2026-02-10 06:54:28Z INFO HostContext] Well known directory 'Root': 'C:\Users\a7577\Desktop\robot_frame_work\actions-runner'
[2026-02-10 06:54:28Z INFO HostContext] Well known config file 'Runner': 'C:\Users\a7577\Desktop\robot_frame_work\actions-runner\.runner'
[2026-02-10 06:54:28Z INFO ConfigurationStore] ConfigFilePath: C:\Users\a7577\Desktop\robot_frame_work\actions-runner\.runner
[2026-02-10 06:54:28Z INFO HostContext] Well known directory 'Bin': 'C:\Users\a7577\Desktop\robot_frame_work\actions-runner\bin'
[2026-02-10 06:54:28Z INFO HostContext] Well known directory 'Root': 'C:\Users\a7577\Desktop\robot_frame_work\actions-runner'
[2026-02-10 06:54:28Z INFO HostContext] Well known config file 'MigratedRunner': 'C:\Users\a7577\Desktop\robot_frame_work\actions-runner\.runner_migrated'
[2026-02-10 06:54:28Z INFO ConfigurationStore] MigratedConfigFilePath: C:\Users\a7577\Desktop\robot_frame_work\actions-runner\.runner_migrated
[2026-02-10 06:54:28Z INFO HostContext] Well known directory 'Bin': 'C:\Users\a7577\Desktop\robot_frame_work\actions-runner\bin'
[2026-02-10 06:54:28Z INFO HostContext] Well known directory 'Root': 'C:\Users\a7577\Desktop\robot_frame_work\actions-runner'
[2026-02-10 06:54:28Z INFO HostContext] Well known config file 'Credentials': 'C:\Users\a7577\Desktop\robot_frame_work\actions-runner\.credentials'
[2026-02-10 06:54:28Z INFO ConfigurationStore] CredFilePath: C:\Users\a7577\Desktop\robot_frame_work\actions-runner\.credentials
[2026-02-10 06:54:28Z INFO HostContext] Well known directory 'Bin': 'C:\Users\a7577\Desktop\robot_frame_work\actions-runner\bin'
[2026-02-10 06:54:28Z INFO HostContext] Well known directory 'Root': 'C:\Users\a7577\Desktop\robot_frame_work\actions-runner'
[2026-02-10 06:54:28Z INFO HostContext] Well known config file 'MigratedCredentials': 'C:\Users\a7577\Desktop\robot_frame_work\actions-runner\.credentials_migrated'
[2026-02-10 06:54:28Z INFO ConfigurationStore] MigratedCredFilePath: C:\Users\a7577\Desktop\robot_frame_work\actions-runner\.credentials_migrated
[2026-02-10 06:54:28Z INFO HostContext] Well known directory 'Bin': 'C:\Users\a7577\Desktop\robot_frame_work\actions-runner\bin'
[2026-02-10 06:54:28Z INFO HostContext] Well known directory 'Root': 'C:\Users\a7577\Desktop\robot_frame_work\actions-runner'
[2026-02-10 06:54:28Z INFO HostContext] Well known config file 'Service': 'C:\Users\a7577\Desktop\robot_frame_work\actions-runner\.service'
[2026-02-10 06:54:28Z INFO ConfigurationStore] ServiceConfigFilePath: C:\Users\a7577\Desktop\robot_frame_work\actions-runner\.service
[2026-02-10 06:54:28Z INFO CommandSettings] Flag 'help': 'False'
[2026-02-10 06:54:28Z INFO CommandSettings] Flag 'version': 'False'
[2026-02-10 06:54:28Z INFO CommandSettings] Flag 'commit': 'False'
[2026-02-10 06:54:28Z INFO CommandSettings] Flag 'check': 'False'
[2026-02-10 06:54:28Z INFO CommandSettings] Command 'configure': 'False'
[2026-02-10 06:54:28Z INFO CommandSettings] Command 'remove': 'False'
[2026-02-10 06:54:28Z INFO CommandSettings] Command 'warmup': 'False'
[2026-02-10 06:54:28Z INFO ConfigurationManager] LoadSettings
[2026-02-10 06:54:28Z INFO ConfigurationStore] IsConfigured()
[2026-02-10 06:54:28Z INFO ConfigurationStore] IsConfigured: True
[2026-02-10 06:54:28Z INFO ConfigurationManager] Is configured: True
[2026-02-10 06:54:28Z INFO ConfigurationStore] Read setting file: 405 chars
[2026-02-10 06:54:28Z INFO ConfigurationManager] Settings Loaded
[2026-02-10 06:54:28Z INFO ConfigurationStore] IsServiceConfigured()
[2026-02-10 06:54:28Z INFO ConfigurationStore] IsServiceConfigured: False
[2026-02-10 06:54:28Z INFO CommandSettings] Command 'run': 'True'
[2026-02-10 06:54:28Z INFO ConfigurationStore] IsConfigured()
[2026-02-10 06:54:28Z INFO ConfigurationStore] IsConfigured: True
[2026-02-10 06:54:28Z INFO ConfigurationManager] Is configured: True
[2026-02-10 06:54:28Z INFO Runner] Could not parse the argument value '' for StartupType. Defaulting to Manual
[2026-02-10 06:54:28Z INFO Runner] Set runner startup type - Manual
[2026-02-10 06:54:28Z INFO CommandSettings] Flag 'once': 'False'
[2026-02-10 06:54:28Z INFO CommandSettings] Flag 'once': 'False'
[2026-02-10 06:54:28Z INFO Runner] RunAsync
[2026-02-10 06:54:28Z INFO ConfigurationManager] LoadMigratedSettings
[2026-02-10 06:54:28Z INFO ConfigurationStore] IsMigratedConfigured()
[2026-02-10 06:54:28Z INFO ConfigurationStore] IsMigratedConfigured: False
[2026-02-10 06:54:28Z INFO Runner] Failed to load migrated settings: No migrated configuration found.
[2026-02-10 06:54:28Z INFO Runner] Falling back to original .runner settings
[2026-02-10 06:54:28Z INFO Runner] Using BrokerMessageListener
[2026-02-10 06:54:28Z INFO BrokerMessageListener] Using provided settings
[2026-02-10 06:54:28Z INFO BrokerMessageListener] {
  "AgentId": 2,
  "AgentName": "ARMAAN7876",
  "PoolId": 1,
  "PoolName": "Default",
  "ServerUrl": "https://pipelinesghubeus13.actions.githubusercontent.com/33y6D9JhleeiQ1Fsmp6ENRoCcXk3SVL6IyWMYnMUVPie4R3PFS/",
  "GitHubUrl": "https://github.com/Armaan-khan786/robot_frame_work",
  "WorkFolder": "_work",
  "UseV2Flow": true,
  "ServerUrlV2": "https://broker.actions.githubusercontent.com/"
}
[2026-02-10 06:54:28Z INFO BrokerMessageListener] Loading Credentials
[2026-02-10 06:54:28Z INFO ConfigurationStore] HasCredentials()
[2026-02-10 06:54:28Z INFO ConfigurationStore] stored True
[2026-02-10 06:54:28Z INFO CredentialManager] GetCredentialProvider
[2026-02-10 06:54:28Z INFO CredentialManager] Creating type OAuth
[2026-02-10 06:54:28Z INFO CredentialManager] Creating credential type: OAuth
[2026-02-10 06:54:28Z INFO HostContext] Well known directory 'Bin': 'C:\Users\a7577\Desktop\robot_frame_work\actions-runner\bin'
[2026-02-10 06:54:28Z INFO HostContext] Well known directory 'Root': 'C:\Users\a7577\Desktop\robot_frame_work\actions-runner'
[2026-02-10 06:54:28Z INFO HostContext] Well known config file 'RSACredentials': 'C:\Users\a7577\Desktop\robot_frame_work\actions-runner\.credentials_rsaparams'
[2026-02-10 06:54:28Z INFO RSAEncryptedFileKeyManager] Loading RSA key parameters from file C:\Users\a7577\Desktop\robot_frame_work\actions-runner\.credentials_rsaparams
[2026-02-10 06:54:28Z INFO BrokerMessageListener] Attempt to create session.
[2026-02-10 06:54:28Z INFO BrokerMessageListener] Connecting to the Broker Server...
[2026-02-10 06:54:28Z INFO ConfigurationStore] HasCredentials()
[2026-02-10 06:54:28Z INFO ConfigurationStore] stored True
[2026-02-10 06:54:28Z INFO CredentialManager] GetCredentialProvider
[2026-02-10 06:54:28Z INFO CredentialManager] Creating type OAuth
[2026-02-10 06:54:28Z INFO CredentialManager] Creating credential type: OAuth
[2026-02-10 06:54:28Z INFO RSAEncryptedFileKeyManager] Loading RSA key parameters from file C:\Users\a7577\Desktop\robot_frame_work\actions-runner\.credentials_rsaparams
[2026-02-10 06:54:28Z INFO BrokerMessageListener] VssConnection created
[2026-02-10 06:54:28Z INFO BrokerMessageListener] Connecting to the Runner server...
[2026-02-10 06:54:28Z INFO RunnerServer] EstablishVssConnection
[2026-02-10 06:54:28Z INFO RunnerServer] Establish connection with 100 seconds timeout.
[2026-02-10 06:54:28Z INFO GitHubActionsService] Starting operation Location.GetConnectionData
[2026-02-10 06:54:28Z INFO RunnerServer] EstablishVssConnection
[2026-02-10 06:54:28Z INFO RunnerServer] Establish connection with 60 seconds timeout.
[2026-02-10 06:54:28Z INFO GitHubActionsService] Starting operation Location.GetConnectionData
[2026-02-10 06:54:28Z INFO RunnerServer] EstablishVssConnection
[2026-02-10 06:54:28Z INFO RunnerServer] Establish connection with 60 seconds timeout.
[2026-02-10 06:54:28Z INFO GitHubActionsService] Starting operation Location.GetConnectionData
[2026-02-10 06:54:30Z INFO GitHubActionsService] Finished operation Location.GetConnectionData
[2026-02-10 06:54:30Z INFO GitHubActionsService] Finished operation Location.GetConnectionData
[2026-02-10 06:54:30Z INFO GitHubActionsService] Finished operation Location.GetConnectionData
[2026-02-10 06:54:30Z INFO BrokerMessageListener] VssConnection created
[2026-02-10 06:54:30Z INFO Terminal] WRITE LINE: 
[2026-02-10 06:54:30Z INFO Terminal] WRITE LINE: 
[2026-02-10 06:54:30Z INFO RSAEncryptedFileKeyManager] Loading RSA key parameters from file C:\Users\a7577\Desktop\robot_frame_work\actions-runner\.credentials_rsaparams
[2026-02-10 06:54:30Z INFO RSAEncryptedFileKeyManager] Loading RSA key parameters from file C:\Users\a7577\Desktop\robot_frame_work\actions-runner\.credentials_rsaparams
[2026-02-10 06:54:32Z INFO GitHubActionsService] AAD Correlation ID for this token request: Unknown
[2026-02-10 06:54:33Z INFO BrokerMessageListener] Session created.
[2026-02-10 06:54:33Z INFO Terminal] WRITE LINE: Current runner version: '2.331.0'
[2026-02-10 06:54:33Z INFO Terminal] WRITE LINE: 2026-02-10 06:54:33Z: Listening for Jobs
[2026-02-10 06:54:33Z INFO JobDispatcher] Set runner/worker IPC timeout to 30 seconds.
[2026-02-10 06:55:41Z INFO BrokerMessageListener] Acknowledging runner request 'af4ac457-6235-5683-84bf-93caa42f6371'.
[2026-02-10 06:55:41Z INFO ConfigurationStore] HasCredentials()
[2026-02-10 06:55:41Z INFO ConfigurationStore] stored True
[2026-02-10 06:55:41Z INFO CredentialManager] GetCredentialProvider
[2026-02-10 06:55:41Z INFO CredentialManager] Creating type OAuth
[2026-02-10 06:55:41Z INFO CredentialManager] Creating credential type: OAuth
[2026-02-10 06:55:41Z INFO RSAEncryptedFileKeyManager] Loading RSA key parameters from file C:\Users\a7577\Desktop\robot_frame_work\actions-runner\.credentials_rsaparams
[2026-02-10 06:55:41Z INFO RSAEncryptedFileKeyManager] Loading RSA key parameters from file C:\Users\a7577\Desktop\robot_frame_work\actions-runner\.credentials_rsaparams
[2026-02-10 06:55:41Z INFO RSAEncryptedFileKeyManager] Loading RSA key parameters from file C:\Users\a7577\Desktop\robot_frame_work\actions-runner\.credentials_rsaparams
[2026-02-10 06:55:43Z INFO GitHubActionsService] AAD Correlation ID for this token request: Unknown
[2026-02-10 06:55:45Z INFO JobDispatcher] Job request 0 for plan ea828ad9-af2e-4fdb-9807-7ea0820823fe job af4ac457-6235-5683-84bf-93caa42f6371 received.
[2026-02-10 06:55:45Z INFO JobDispatcher] Pull OrchestrationId ea828ad9-af2e-4fdb-9807-7ea0820823fe.test.__default from JWT claims
[2026-02-10 06:55:45Z INFO BrokerMessageListener] Received job status event. JobState: Busy
[2026-02-10 06:55:45Z INFO BrokerMessageListener] _getMessagesTokenSource is already disposed.
[2026-02-10 06:55:45Z INFO Terminal] WRITE LINE: 2026-02-10 06:55:45Z: Running job: test
[2026-02-10 06:55:45Z INFO JobDispatcher] Start renew job request 0 for job af4ac457-6235-5683-84bf-93caa42f6371.
[2026-02-10 06:55:46Z INFO JobDispatcher] Successfully renew job af4ac457-6235-5683-84bf-93caa42f6371, job is valid till 10-02-2026 07:05:46
[2026-02-10 06:55:46Z INFO HostContext] Well known directory 'Bin': 'C:\Users\a7577\Desktop\robot_frame_work\actions-runner\bin'
[2026-02-10 06:55:46Z INFO ProcessInvokerWrapper] Starting process:
[2026-02-10 06:55:46Z INFO ProcessInvokerWrapper]   File name: 'C:\Users\a7577\Desktop\robot_frame_work\actions-runner\bin\Runner.Worker.exe'
[2026-02-10 06:55:46Z INFO ProcessInvokerWrapper]   Arguments: 'spawnclient 616 2168'
[2026-02-10 06:55:46Z INFO ProcessInvokerWrapper]   Working directory: 'C:\Users\a7577\Desktop\robot_frame_work\actions-runner\bin'
[2026-02-10 06:55:46Z INFO ProcessInvokerWrapper]   Require exit code zero: 'False'
[2026-02-10 06:55:46Z INFO ProcessInvokerWrapper]   Encoding web name:  ; code page: ''
[2026-02-10 06:55:46Z INFO ProcessInvokerWrapper]   Force kill process on cancellation: 'True'
[2026-02-10 06:55:46Z INFO ProcessInvokerWrapper]   Redirected STDIN: 'False'
[2026-02-10 06:55:46Z INFO ProcessInvokerWrapper]   Persist current code page: 'False'
[2026-02-10 06:55:46Z INFO ProcessInvokerWrapper]   Keep redirected STDIN open: 'False'
[2026-02-10 06:55:46Z INFO ProcessInvokerWrapper]   High priority process: 'True'
[2026-02-10 06:55:46Z INFO ProcessInvokerWrapper] Process started with process id 10288, waiting for process exit.
[2026-02-10 06:55:46Z INFO JobDispatcher] Send job request message to worker for job af4ac457-6235-5683-84bf-93caa42f6371.
[2026-02-10 06:55:46Z INFO ProcessChannel] Sending message of length 21295, with hash '6efa67bb258d73dbe05dd2f76348210dd8da2f2f24235d5c993292e28c76acc1'
[2026-02-10 06:55:46Z INFO JobNotification] Entering JobStarted Notification
[2026-02-10 06:55:46Z INFO JobNotification] Entering StartMonitor
[2026-02-10 06:55:53Z INFO ProcessInvokerWrapper] STDOUT/STDERR stream read finished.
[2026-02-10 06:55:53Z INFO ProcessInvokerWrapper] STDOUT/STDERR stream read finished.
[2026-02-10 06:55:53Z INFO ProcessInvokerWrapper] Finished process 10288 with exit code 102, and elapsed time 00:00:07.0294804.
[2026-02-10 06:55:53Z INFO JobDispatcher] Worker finished for job af4ac457-6235-5683-84bf-93caa42f6371. Code: 102
[2026-02-10 06:55:53Z INFO JobDispatcher] finish job request for job af4ac457-6235-5683-84bf-93caa42f6371 with result: Failed
[2026-02-10 06:55:53Z INFO Terminal] WRITE LINE: 2026-02-10 06:55:53Z: Job test completed with result: Failed
[2026-02-10 06:55:53Z INFO JobDispatcher] Stop renew job request for job af4ac457-6235-5683-84bf-93caa42f6371.
[2026-02-10 06:55:53Z INFO JobDispatcher] job renew has been cancelled, stop renew job af4ac457-6235-5683-84bf-93caa42f6371.
[2026-02-10 06:55:53Z INFO JobNotification] Entering JobCompleted Notification
[2026-02-10 06:55:53Z INFO JobNotification] Entering EndMonitor
[2026-02-10 06:55:53Z INFO BrokerMessageListener] Received job status event. JobState: Online
[2026-02-10 06:55:53Z WARN GitHubActionsService] GET request to https://broker.actions.githubusercontent.com/message?sessionId=bd6a224d-ebae-40b2-9a4d-f1699850e072&status=Busy&runnerVersion=2.331.0&os=Windows&architecture=X64&disableUpdate=false has been cancelled.
[2026-02-10 06:55:53Z ERR  BrokerServer] Catch exception during request
[2026-02-10 06:55:53Z ERR  BrokerServer] System.Threading.Tasks.TaskCanceledException: The operation was canceled.
 ---> System.Threading.Tasks.TaskCanceledException: The operation was canceled.
 ---> System.IO.IOException: Unable to read data from the transport connection: The I/O operation has been aborted because of either a thread exit or an application request..
 ---> System.Net.Sockets.SocketException (995): The I/O operation has been aborted because of either a thread exit or an application request.
   --- End of inner exception stack trace ---
   at System.Net.Sockets.Socket.AwaitableSocketAsyncEventArgs.ThrowException(SocketError error, CancellationToken cancellationToken)
   at System.Net.Sockets.Socket.AwaitableSocketAsyncEventArgs.System.Threading.Tasks.Sources.IValueTaskSource<System.Int32>.GetResult(Int16 token)
   at System.Net.Security.SslStream.EnsureFullTlsFrameAsync[TIOAdapter](CancellationToken cancellationToken, Int32 estimatedSize)
   at System.Runtime.CompilerServices.PoolingAsyncValueTaskMethodBuilder`1.StateMachineBox`1.System.Threading.Tasks.Sources.IValueTaskSource<TResult>.GetResult(Int16 token)
   at System.Net.Security.SslStream.ReadAsyncInternal[TIOAdapter](Memory`1 buffer, CancellationToken cancellationToken)
   at System.Runtime.CompilerServices.PoolingAsyncValueTaskMethodBuilder`1.StateMachineBox`1.System.Threading.Tasks.Sources.IValueTaskSource<TResult>.GetResult(Int16 token)
   at System.Net.Http.HttpConnection.SendAsync(HttpRequestMessage request, Boolean async, CancellationToken cancellationToken)
   --- End of inner exception stack trace ---
   at System.Net.Http.HttpConnection.SendAsync(HttpRequestMessage request, Boolean async, CancellationToken cancellationToken)
   at System.Net.Http.AuthenticationHelper.SendWithNtAuthAsync(HttpRequestMessage request, Uri authUri, Boolean async, ICredentials credentials, Boolean isProxyAuth, HttpConnection connection, HttpConnectionPool connectionPool, CancellationToken cancellationToken)
   at System.Net.Http.HttpConnectionPool.SendWithVersionDetectionAndRetryAsync(HttpRequestMessage request, Boolean async, Boolean doRequestAuth, CancellationToken cancellationToken)
   at System.Net.Http.AuthenticationHelper.SendWithAuthAsync(HttpRequestMessage request, Uri authUri, Boolean async, ICredentials credentials, Boolean preAuthenticate, Boolean isProxyAuth, Boolean doRequestAuth, HttpConnectionPool pool, CancellationToken cancellationToken)
   at System.Net.Http.RedirectHandler.SendAsync(HttpRequestMessage request, Boolean async, CancellationToken cancellationToken)
   at GitHub.Services.Common.RawHttpMessageHandler.SendAsync(HttpRequestMessage request, CancellationToken cancellationToken)
   at GitHub.Services.Common.VssHttpRetryMessageHandler.SendAsync(HttpRequestMessage request, CancellationToken cancellationToken)
   at System.Net.Http.HttpClient.<SendAsync>g__Core|83_0(HttpRequestMessage request, HttpCompletionOption completionOption, CancellationTokenSource cts, Boolean disposeCts, CancellationTokenSource pendingRequestsCts, CancellationToken originalCancellationToken)
   --- End of inner exception stack trace ---
   at System.Net.Http.HttpClient.HandleFailure(Exception e, Boolean telemetryStarted, HttpResponseMessage response, CancellationTokenSource cts, CancellationToken cancellationToken, CancellationTokenSource pendingRequestsCts)
   at System.Net.Http.HttpClient.<SendAsync>g__Core|83_0(HttpRequestMessage request, HttpCompletionOption completionOption, CancellationTokenSource cts, Boolean disposeCts, CancellationTokenSource pendingRequestsCts, CancellationToken originalCancellationToken)
   at Sdk.WebApi.WebApi.RawHttpClientBase.SendAsync(HttpRequestMessage message, HttpCompletionOption completionOption, Object userState, CancellationToken cancellationToken)
   at Sdk.WebApi.WebApi.RawHttpClientBase.SendAsync[T](HttpRequestMessage message, Boolean readErrorBody, Object userState, CancellationToken cancellationToken)
   at Sdk.WebApi.WebApi.RawHttpClientBase.SendAsync[T](HttpMethod method, IEnumerable`1 additionalHeaders, Uri requestUri, HttpContent content, IEnumerable`1 queryParameters, Boolean readErrorBody, Object userState, CancellationToken cancellationToken)
   at GitHub.Actions.RunService.WebApi.BrokerHttpClient.GetRunnerMessageAsync(Nullable`1 sessionId, String runnerVersion, Nullable`1 status, String os, String architecture, Nullable`1 disableUpdate, CancellationToken cancellationToken)
   at GitHub.Runner.Common.BrokerServer.<>c__DisplayClass7_0.<<GetRunnerMessageAsync>b__0>d.MoveNext()
--- End of stack trace from previous location ---
   at GitHub.Runner.Common.RunnerService.RetryRequest[T](Func`1 func, CancellationToken cancellationToken, Int32 maxAttempts, Func`2 shouldRetry)
[2026-02-10 06:55:53Z ERR  BrokerServer] #####################################################
[2026-02-10 06:55:53Z ERR  BrokerServer] System.Threading.Tasks.TaskCanceledException: The operation was canceled.
 ---> System.IO.IOException: Unable to read data from the transport connection: The I/O operation has been aborted because of either a thread exit or an application request..
 ---> System.Net.Sockets.SocketException (995): The I/O operation has been aborted because of either a thread exit or an application request.
   --- End of inner exception stack trace ---
   at System.Net.Sockets.Socket.AwaitableSocketAsyncEventArgs.ThrowException(SocketError error, CancellationToken cancellationToken)
   at System.Net.Sockets.Socket.AwaitableSocketAsyncEventArgs.System.Threading.Tasks.Sources.IValueTaskSource<System.Int32>.GetResult(Int16 token)
   at System.Net.Security.SslStream.EnsureFullTlsFrameAsync[TIOAdapter](CancellationToken cancellationToken, Int32 estimatedSize)
   at System.Runtime.CompilerServices.PoolingAsyncValueTaskMethodBuilder`1.StateMachineBox`1.System.Threading.Tasks.Sources.IValueTaskSource<TResult>.GetResult(Int16 token)
   at System.Net.Security.SslStream.ReadAsyncInternal[TIOAdapter](Memory`1 buffer, CancellationToken cancellationToken)
   at System.Runtime.CompilerServices.PoolingAsyncValueTaskMethodBuilder`1.StateMachineBox`1.System.Threading.Tasks.Sources.IValueTaskSource<TResult>.GetResult(Int16 token)
   at System.Net.Http.HttpConnection.SendAsync(HttpRequestMessage request, Boolean async, CancellationToken cancellationToken)
   --- End of inner exception stack trace ---
   at System.Net.Http.HttpConnection.SendAsync(HttpRequestMessage request, Boolean async, CancellationToken cancellationToken)
   at System.Net.Http.AuthenticationHelper.SendWithNtAuthAsync(HttpRequestMessage request, Uri authUri, Boolean async, ICredentials credentials, Boolean isProxyAuth, HttpConnection connection, HttpConnectionPool connectionPool, CancellationToken cancellationToken)
   at System.Net.Http.HttpConnectionPool.SendWithVersionDetectionAndRetryAsync(HttpRequestMessage request, Boolean async, Boolean doRequestAuth, CancellationToken cancellationToken)
   at System.Net.Http.AuthenticationHelper.SendWithAuthAsync(HttpRequestMessage request, Uri authUri, Boolean async, ICredentials credentials, Boolean preAuthenticate, Boolean isProxyAuth, Boolean doRequestAuth, HttpConnectionPool pool, CancellationToken cancellationToken)
   at System.Net.Http.RedirectHandler.SendAsync(HttpRequestMessage request, Boolean async, CancellationToken cancellationToken)
   at GitHub.Services.Common.RawHttpMessageHandler.SendAsync(HttpRequestMessage request, CancellationToken cancellationToken)
   at GitHub.Services.Common.VssHttpRetryMessageHandler.SendAsync(HttpRequestMessage request, CancellationToken cancellationToken)
   at System.Net.Http.HttpClient.<SendAsync>g__Core|83_0(HttpRequestMessage request, HttpCompletionOption completionOption, CancellationTokenSource cts, Boolean disposeCts, CancellationTokenSource pendingRequestsCts, CancellationToken originalCancellationToken)
[2026-02-10 06:55:53Z ERR  BrokerServer] #####################################################
[2026-02-10 06:55:53Z ERR  BrokerServer] System.IO.IOException: Unable to read data from the transport connection: The I/O operation has been aborted because of either a thread exit or an application request..
 ---> System.Net.Sockets.SocketException (995): The I/O operation has been aborted because of either a thread exit or an application request.
   --- End of inner exception stack trace ---
   at System.Net.Sockets.Socket.AwaitableSocketAsyncEventArgs.ThrowException(SocketError error, CancellationToken cancellationToken)
   at System.Net.Sockets.Socket.AwaitableSocketAsyncEventArgs.System.Threading.Tasks.Sources.IValueTaskSource<System.Int32>.GetResult(Int16 token)
   at System.Net.Security.SslStream.EnsureFullTlsFrameAsync[TIOAdapter](CancellationToken cancellationToken, Int32 estimatedSize)
   at System.Runtime.CompilerServices.PoolingAsyncValueTaskMethodBuilder`1.StateMachineBox`1.System.Threading.Tasks.Sources.IValueTaskSource<TResult>.GetResult(Int16 token)
   at System.Net.Security.SslStream.ReadAsyncInternal[TIOAdapter](Memory`1 buffer, CancellationToken cancellationToken)
   at System.Runtime.CompilerServices.PoolingAsyncValueTaskMethodBuilder`1.StateMachineBox`1.System.Threading.Tasks.Sources.IValueTaskSource<TResult>.GetResult(Int16 token)
   at System.Net.Http.HttpConnection.SendAsync(HttpRequestMessage request, Boolean async, CancellationToken cancellationToken)
[2026-02-10 06:55:53Z ERR  BrokerServer] #####################################################
[2026-02-10 06:55:53Z ERR  BrokerServer] System.Net.Sockets.SocketException (995): The I/O operation has been aborted because of either a thread exit or an application request.
[2026-02-10 06:55:53Z WARN BrokerServer] Back off 12.299 seconds before next retry. 4 attempt left.
[2026-02-10 06:55:53Z INFO BrokerMessageListener] Get messages has been cancelled using local token source. Continue to get messages with new status.
[2026-02-10 06:59:27Z INFO BrokerMessageListener] Acknowledging runner request 'bb0b7339-176b-58d8-b3ac-fa15b2fb34d8'.
[2026-02-10 06:59:28Z INFO ConfigurationStore] HasCredentials()
[2026-02-10 06:59:28Z INFO ConfigurationStore] stored True
[2026-02-10 06:59:28Z INFO CredentialManager] GetCredentialProvider
[2026-02-10 06:59:28Z INFO CredentialManager] Creating type OAuth
[2026-02-10 06:59:28Z INFO CredentialManager] Creating credential type: OAuth
[2026-02-10 06:59:28Z INFO RSAEncryptedFileKeyManager] Loading RSA key parameters from file C:\Users\a7577\Desktop\robot_frame_work\actions-runner\.credentials_rsaparams
[2026-02-10 06:59:28Z INFO RSAEncryptedFileKeyManager] Loading RSA key parameters from file C:\Users\a7577\Desktop\robot_frame_work\actions-runner\.credentials_rsaparams
[2026-02-10 06:59:28Z INFO RSAEncryptedFileKeyManager] Loading RSA key parameters from file C:\Users\a7577\Desktop\robot_frame_work\actions-runner\.credentials_rsaparams
[2026-02-10 06:59:29Z INFO GitHubActionsService] AAD Correlation ID for this token request: Unknown
[2026-02-10 06:59:31Z INFO JobDispatcher] Job request 0 for plan 059cbfb5-7559-4d4a-ae17-9d266f577f40 job bb0b7339-176b-58d8-b3ac-fa15b2fb34d8 received.
[2026-02-10 06:59:31Z INFO JobDispatcher] Pull OrchestrationId 059cbfb5-7559-4d4a-ae17-9d266f577f40.test.__default from JWT claims
[2026-02-10 06:59:31Z INFO BrokerMessageListener] Received job status event. JobState: Busy
[2026-02-10 06:59:31Z INFO BrokerMessageListener] _getMessagesTokenSource is already disposed.
[2026-02-10 06:59:31Z INFO JobDispatcher] Job request af4ac457-6235-5683-84bf-93caa42f6371 processed succeed.
[2026-02-10 06:59:31Z INFO Terminal] WRITE LINE: 2026-02-10 06:59:31Z: Running job: test
[2026-02-10 06:59:31Z INFO JobDispatcher] Start renew job request 0 for job bb0b7339-176b-58d8-b3ac-fa15b2fb34d8.
[2026-02-10 06:59:32Z INFO JobDispatcher] Successfully renew job bb0b7339-176b-58d8-b3ac-fa15b2fb34d8, job is valid till 10-02-2026 07:09:32
[2026-02-10 06:59:32Z INFO HostContext] Well known directory 'Bin': 'C:\Users\a7577\Desktop\robot_frame_work\actions-runner\bin'
[2026-02-10 06:59:32Z INFO ProcessInvokerWrapper] Starting process:
[2026-02-10 06:59:32Z INFO ProcessInvokerWrapper]   File name: 'C:\Users\a7577\Desktop\robot_frame_work\actions-runner\bin\Runner.Worker.exe'
[2026-02-10 06:59:32Z INFO ProcessInvokerWrapper]   Arguments: 'spawnclient 616 2092'
[2026-02-10 06:59:32Z INFO ProcessInvokerWrapper]   Working directory: 'C:\Users\a7577\Desktop\robot_frame_work\actions-runner\bin'
[2026-02-10 06:59:32Z INFO ProcessInvokerWrapper]   Require exit code zero: 'False'
[2026-02-10 06:59:32Z INFO ProcessInvokerWrapper]   Encoding web name:  ; code page: ''
[2026-02-10 06:59:32Z INFO ProcessInvokerWrapper]   Force kill process on cancellation: 'True'
[2026-02-10 06:59:32Z INFO ProcessInvokerWrapper]   Redirected STDIN: 'False'
[2026-02-10 06:59:32Z INFO ProcessInvokerWrapper]   Persist current code page: 'False'
[2026-02-10 06:59:32Z INFO ProcessInvokerWrapper]   Keep redirected STDIN open: 'False'
[2026-02-10 06:59:32Z INFO ProcessInvokerWrapper]   High priority process: 'True'
[2026-02-10 06:59:32Z INFO ProcessInvokerWrapper] Process started with process id 1872, waiting for process exit.
[2026-02-10 06:59:32Z INFO JobDispatcher] Send job request message to worker for job bb0b7339-176b-58d8-b3ac-fa15b2fb34d8.
[2026-02-10 06:59:32Z INFO ProcessChannel] Sending message of length 21296, with hash '255b7b9196d9c65fa71806787d6d6f1a1aa96c99627424972666975fd9ee6a59'
[2026-02-10 06:59:32Z INFO JobNotification] Entering JobStarted Notification
[2026-02-10 06:59:32Z INFO JobNotification] Entering StartMonitor
[2026-02-10 07:00:32Z INFO JobDispatcher] Successfully renew job bb0b7339-176b-58d8-b3ac-fa15b2fb34d8, job is valid till 10-02-2026 07:10:32
[2026-02-10 07:01:32Z INFO JobDispatcher] Successfully renew job bb0b7339-176b-58d8-b3ac-fa15b2fb34d8, job is valid till 10-02-2026 07:11:32
[2026-02-10 07:02:33Z INFO JobDispatcher] Successfully renew job bb0b7339-176b-58d8-b3ac-fa15b2fb34d8, job is valid till 10-02-2026 07:12:33
[2026-02-10 07:03:33Z INFO JobDispatcher] Successfully renew job bb0b7339-176b-58d8-b3ac-fa15b2fb34d8, job is valid till 10-02-2026 07:13:33
[2026-02-10 07:04:00Z INFO Terminal] WRITE LINE: Exiting...
[2026-02-10 07:04:00Z INFO ConfigurationStore] IsServiceConfigured()
[2026-02-10 07:04:00Z INFO ConfigurationStore] IsServiceConfigured: False
[2026-02-10 07:04:00Z INFO HostContext] Runner will be shutdown for UserCancelled
[2026-02-10 07:04:00Z WARN GitHubActionsService] GET request to https://broker.actions.githubusercontent.com/message?sessionId=bd6a224d-ebae-40b2-9a4d-f1699850e072&status=Busy&runnerVersion=2.331.0&os=Windows&architecture=X64&disableUpdate=false has been cancelled.
[2026-02-10 07:04:00Z ERR  BrokerServer] Catch exception during request
[2026-02-10 07:04:00Z ERR  BrokerServer] System.Threading.Tasks.TaskCanceledException: The operation was canceled.
 ---> System.Threading.Tasks.TaskCanceledException: The operation was canceled.
 ---> System.IO.IOException: Unable to read data from the transport connection: The I/O operation has been aborted because of either a thread exit or an application request..
 ---> System.Net.Sockets.SocketException (995): The I/O operation has been aborted because of either a thread exit or an application request.
   --- End of inner exception stack trace ---
   at System.Net.Sockets.Socket.AwaitableSocketAsyncEventArgs.System.Threading.Tasks.Sources.IValueTaskSource<System.Int32>.GetResult(Int16 token)
   at System.Net.Security.SslStream.EnsureFullTlsFrameAsync[TIOAdapter](CancellationToken cancellationToken, Int32 estimatedSize)
   at System.Runtime.CompilerServices.PoolingAsyncValueTaskMethodBuilder`1.StateMachineBox`1.System.Threading.Tasks.Sources.IValueTaskSource<TResult>.GetResult(Int16 token)
   at System.Net.Security.SslStream.ReadAsyncInternal[TIOAdapter](Memory`1 buffer, CancellationToken cancellationToken)
   at System.Runtime.CompilerServices.PoolingAsyncValueTaskMethodBuilder`1.StateMachineBox`1.System.Threading.Tasks.Sources.IValueTaskSource<TResult>.GetResult(Int16 token)
   at System.Net.Http.HttpConnection.SendAsync(HttpRequestMessage request, Boolean async, CancellationToken cancellationToken)
   --- End of inner exception stack trace ---
   at System.Net.Http.HttpConnection.SendAsync(HttpRequestMessage request, Boolean async, CancellationToken cancellationToken)
   at System.Net.Http.AuthenticationHelper.SendWithNtAuthAsync(HttpRequestMessage request, Uri authUri, Boolean async, ICredentials credentials, Boolean isProxyAuth, HttpConnection connection, HttpConnectionPool connectionPool, CancellationToken cancellationToken)
   at System.Net.Http.HttpConnectionPool.SendWithVersionDetectionAndRetryAsync(HttpRequestMessage request, Boolean async, Boolean doRequestAuth, CancellationToken cancellationToken)
   at System.Net.Http.AuthenticationHelper.SendWithAuthAsync(HttpRequestMessage request, Uri authUri, Boolean async, ICredentials credentials, Boolean preAuthenticate, Boolean isProxyAuth, Boolean doRequestAuth, HttpConnectionPool pool, CancellationToken cancellationToken)
   at System.Net.Http.RedirectHandler.SendAsync(HttpRequestMessage request, Boolean async, CancellationToken cancellationToken)
   at GitHub.Services.Common.RawHttpMessageHandler.SendAsync(HttpRequestMessage request, CancellationToken cancellationToken)
   at GitHub.Services.Common.VssHttpRetryMessageHandler.SendAsync(HttpRequestMessage request, CancellationToken cancellationToken)
   at System.Net.Http.HttpClient.<SendAsync>g__Core|83_0(HttpRequestMessage request, HttpCompletionOption completionOption, CancellationTokenSource cts, Boolean disposeCts, CancellationTokenSource pendingRequestsCts, CancellationToken originalCancellationToken)
   --- End of inner exception stack trace ---
   at System.Net.Http.HttpClient.HandleFailure(Exception e, Boolean telemetryStarted, HttpResponseMessage response, CancellationTokenSource cts, CancellationToken cancellationToken, CancellationTokenSource pendingRequestsCts)
   at System.Net.Http.HttpClient.<SendAsync>g__Core|83_0(HttpRequestMessage request, HttpCompletionOption completionOption, CancellationTokenSource cts, Boolean disposeCts, CancellationTokenSource pendingRequestsCts, CancellationToken originalCancellationToken)
   at Sdk.WebApi.WebApi.RawHttpClientBase.SendAsync(HttpRequestMessage message, HttpCompletionOption completionOption, Object userState, CancellationToken cancellationToken)
   at Sdk.WebApi.WebApi.RawHttpClientBase.SendAsync[T](HttpRequestMessage message, Boolean readErrorBody, Object userState, CancellationToken cancellationToken)
   at Sdk.WebApi.WebApi.RawHttpClientBase.SendAsync[T](HttpMethod method, IEnumerable`1 additionalHeaders, Uri requestUri, HttpContent content, IEnumerable`1 queryParameters, Boolean readErrorBody, Object userState, CancellationToken cancellationToken)
   at GitHub.Actions.RunService.WebApi.BrokerHttpClient.GetRunnerMessageAsync(Nullable`1 sessionId, String runnerVersion, Nullable`1 status, String os, String architecture, Nullable`1 disableUpdate, CancellationToken cancellationToken)
   at GitHub.Runner.Common.BrokerServer.<>c__DisplayClass7_0.<<GetRunnerMessageAsync>b__0>d.MoveNext()
--- End of stack trace from previous location ---
   at GitHub.Runner.Common.RunnerService.RetryRequest[T](Func`1 func, CancellationToken cancellationToken, Int32 maxAttempts, Func`2 shouldRetry)
[2026-02-10 07:04:00Z ERR  BrokerServer] #####################################################
[2026-02-10 07:04:00Z ERR  BrokerServer] System.Threading.Tasks.TaskCanceledException: The operation was canceled.
 ---> System.IO.IOException: Unable to read data from the transport connection: The I/O operation has been aborted because of either a thread exit or an application request..
 ---> System.Net.Sockets.SocketException (995): The I/O operation has been aborted because of either a thread exit or an application request.
   --- End of inner exception stack trace ---
   at System.Net.Sockets.Socket.AwaitableSocketAsyncEventArgs.System.Threading.Tasks.Sources.IValueTaskSource<System.Int32>.GetResult(Int16 token)
   at System.Net.Security.SslStream.EnsureFullTlsFrameAsync[TIOAdapter](CancellationToken cancellationToken, Int32 estimatedSize)
   at System.Runtime.CompilerServices.PoolingAsyncValueTaskMethodBuilder`1.StateMachineBox`1.System.Threading.Tasks.Sources.IValueTaskSource<TResult>.GetResult(Int16 token)
   at System.Net.Security.SslStream.ReadAsyncInternal[TIOAdapter](Memory`1 buffer, CancellationToken cancellationToken)
   at System.Runtime.CompilerServices.PoolingAsyncValueTaskMethodBuilder`1.StateMachineBox`1.System.Threading.Tasks.Sources.IValueTaskSource<TResult>.GetResult(Int16 token)
   at System.Net.Http.HttpConnection.SendAsync(HttpRequestMessage request, Boolean async, CancellationToken cancellationToken)
   --- End of inner exception stack trace ---
   at System.Net.Http.HttpConnection.SendAsync(HttpRequestMessage request, Boolean async, CancellationToken cancellationToken)
   at System.Net.Http.AuthenticationHelper.SendWithNtAuthAsync(HttpRequestMessage request, Uri authUri, Boolean async, ICredentials credentials, Boolean isProxyAuth, HttpConnection connection, HttpConnectionPool connectionPool, CancellationToken cancellationToken)
   at System.Net.Http.HttpConnectionPool.SendWithVersionDetectionAndRetryAsync(HttpRequestMessage request, Boolean async, Boolean doRequestAuth, CancellationToken cancellationToken)
   at System.Net.Http.AuthenticationHelper.SendWithAuthAsync(HttpRequestMessage request, Uri authUri, Boolean async, ICredentials credentials, Boolean preAuthenticate, Boolean isProxyAuth, Boolean doRequestAuth, HttpConnectionPool pool, CancellationToken cancellationToken)
   at System.Net.Http.RedirectHandler.SendAsync(HttpRequestMessage request, Boolean async, CancellationToken cancellationToken)
   at GitHub.Services.Common.RawHttpMessageHandler.SendAsync(HttpRequestMessage request, CancellationToken cancellationToken)
   at GitHub.Services.Common.VssHttpRetryMessageHandler.SendAsync(HttpRequestMessage request, CancellationToken cancellationToken)
   at System.Net.Http.HttpClient.<SendAsync>g__Core|83_0(HttpRequestMessage request, HttpCompletionOption completionOption, CancellationTokenSource cts, Boolean disposeCts, CancellationTokenSource pendingRequestsCts, CancellationToken originalCancellationToken)
[2026-02-10 07:04:00Z ERR  BrokerServer] #####################################################
[2026-02-10 07:04:00Z ERR  BrokerServer] System.IO.IOException: Unable to read data from the transport connection: The I/O operation has been aborted because of either a thread exit or an application request..
 ---> System.Net.Sockets.SocketException (995): The I/O operation has been aborted because of either a thread exit or an application request.
   --- End of inner exception stack trace ---
   at System.Net.Sockets.Socket.AwaitableSocketAsyncEventArgs.System.Threading.Tasks.Sources.IValueTaskSource<System.Int32>.GetResult(Int16 token)
   at System.Net.Security.SslStream.EnsureFullTlsFrameAsync[TIOAdapter](CancellationToken cancellationToken, Int32 estimatedSize)
   at System.Runtime.CompilerServices.PoolingAsyncValueTaskMethodBuilder`1.StateMachineBox`1.System.Threading.Tasks.Sources.IValueTaskSource<TResult>.GetResult(Int16 token)
   at System.Net.Security.SslStream.ReadAsyncInternal[TIOAdapter](Memory`1 buffer, CancellationToken cancellationToken)
   at System.Runtime.CompilerServices.PoolingAsyncValueTaskMethodBuilder`1.StateMachineBox`1.System.Threading.Tasks.Sources.IValueTaskSource<TResult>.GetResult(Int16 token)
   at System.Net.Http.HttpConnection.SendAsync(HttpRequestMessage request, Boolean async, CancellationToken cancellationToken)
[2026-02-10 07:04:00Z ERR  BrokerServer] #####################################################
[2026-02-10 07:04:00Z ERR  BrokerServer] System.Net.Sockets.SocketException (995): The I/O operation has been aborted because of either a thread exit or an application request.
[2026-02-10 07:04:00Z WARN BrokerServer] Back off 7.427 seconds before next retry. 4 attempt left.
[2026-02-10 07:04:00Z INFO BrokerMessageListener] Get next message has been cancelled.
[2026-02-10 07:04:00Z INFO JobDispatcher] Shutting down JobDispatcher. Make sure all WorkerDispatcher has finished.
[2026-02-10 07:04:00Z INFO JobDispatcher] Ensure WorkerDispatcher for job bb0b7339-176b-58d8-b3ac-fa15b2fb34d8 run to finish, cancel any running job.
[2026-02-10 07:04:00Z INFO JobDispatcher] Send job cancellation message to worker for job bb0b7339-176b-58d8-b3ac-fa15b2fb34d8.
[2026-02-10 07:04:00Z INFO ProcessChannel] Sending message of length 0, with hash 'e3b0c44298fc1c149afbf4c8996fb92427ae41e4649b934ca495991b7852b855'
[2026-02-10 07:04:12Z INFO ProcessInvokerWrapper] STDOUT/STDERR stream read finished.
[2026-02-10 07:04:12Z INFO ProcessInvokerWrapper] STDOUT/STDERR stream read finished.
[2026-02-10 07:04:12Z INFO ProcessInvokerWrapper] Finished process 1872 with exit code 102, and elapsed time 00:04:40.5291478.
[2026-02-10 07:04:12Z INFO JobDispatcher] finish job request for job bb0b7339-176b-58d8-b3ac-fa15b2fb34d8 with result: Canceled
[2026-02-10 07:04:12Z INFO Terminal] WRITE LINE: 2026-02-10 07:04:12Z: Job test completed with result: Canceled
[2026-02-10 07:04:12Z INFO JobDispatcher] Stop renew job request for job bb0b7339-176b-58d8-b3ac-fa15b2fb34d8.
[2026-02-10 07:04:12Z INFO JobDispatcher] job renew has been cancelled, stop renew job bb0b7339-176b-58d8-b3ac-fa15b2fb34d8.
[2026-02-10 07:04:12Z INFO JobNotification] Entering JobCompleted Notification
[2026-02-10 07:04:12Z INFO JobNotification] Entering EndMonitor
[2026-02-10 07:04:12Z INFO Runner] Deleting Runner Session...
[2026-02-10 07:04:13Z INFO Listener] Runner execution been cancelled.
